\BOOKMARK [1][-]{section.1}{Introduction}{}% 1
\BOOKMARK [2][-]{subsection.1.1}{Introduction Section \0431}{section.1}% 2
\BOOKMARK [3][-]{subsubsection.1.1.1}{Introduction Subsection \0431}{subsection.1.1}% 3
\BOOKMARK [2][-]{subsection.1.2}{Introduction Section \0432}{section.1}% 4
\BOOKMARK [2][-]{subsection.1.3}{Introduction Section \0433}{section.1}% 5
\BOOKMARK [1][-]{section.2}{Previous Work \0431}{}% 6
\BOOKMARK [2][-]{subsection.2.1}{Related Work}{section.2}% 7
\BOOKMARK [2][-]{subsection.2.2}{Methods}{section.2}% 8
\BOOKMARK [3][-]{subsubsection.2.2.1}{Notation}{subsection.2.2}% 9
\BOOKMARK [3][-]{subsubsection.2.2.2}{Method Subsection \0431}{subsection.2.2}% 10
\BOOKMARK [3][-]{subsubsection.2.2.3}{Methods Subsection \0432}{subsection.2.2}% 11
\BOOKMARK [1][-]{section.3}{Previous Work \0432}{}% 12
\BOOKMARK [2][-]{subsection.3.1}{Related Work}{section.3}% 13
\BOOKMARK [2][-]{subsection.3.2}{Methods}{section.3}% 14
\BOOKMARK [3][-]{subsubsection.3.2.1}{Notation}{subsection.3.2}% 15
\BOOKMARK [3][-]{subsubsection.3.2.2}{Method Subsection \0431}{subsection.3.2}% 16
\BOOKMARK [3][-]{subsubsection.3.2.3}{Methods Subsection \0432}{subsection.3.2}% 17
\BOOKMARK [1][-]{section.4}{Proposed Work}{}% 18
\BOOKMARK [2][-]{subsection.4.1}{Proposed Work Section \0431}{section.4}% 19
\BOOKMARK [3][-]{subsubsection.4.1.1}{Proposed Work Subsection \0431}{subsection.4.1}% 20
\BOOKMARK [3][-]{subsubsection.4.1.2}{Proposed Work Subsection \0432}{subsection.4.1}% 21
\BOOKMARK [1][-]{section.5}{Conclusion}{}% 22
\BOOKMARK [1][-]{section*.5}{References}{}% 23
